#
# A fatal error has been detected by the Java Runtime Environment:
#
#  EXCEPTION_ACCESS_VIOLATION (0xc0000005) at pc=0x00007ffe04982adf, pid=28860, tid=18460
#
# JRE version: OpenJDK Runtime Environment Microsoft-25199 (11.0.12+7) (build 11.0.12+7)
# Java VM: OpenJDK 64-Bit Server VM Microsoft-25199 (11.0.12+7, mixed mode, tiered, compressed oops, parallel gc, windows-amd64)
# Problematic frame:
# V  [jvm.dll+0x372adf]
#
# No core dump will be written. Minidumps are not enabled by default on client versions of Windows
#
# If you would like to submit a bug report, please visit:
#   https://github.com/microsoft/openjdk/issues
#

---------------  S U M M A R Y ------------

Command Line: --add-modules=ALL-SYSTEM --add-opens=java.base/java.util=ALL-UNNAMED --add-opens=java.base/java.lang=ALL-UNNAMED -Declipse.application=org.eclipse.jdt.ls.core.id1 -Dosgi.bundles.defaultStartLevel=4 -Declipse.product=org.eclipse.jdt.ls.core.product -Djava.import.generatesMetadataFilesAtProjectRoot=false -Dfile.encoding=utf8 -DwatchParentProcess=false -XX:+UseParallelGC -XX:GCTimeRatio=4 -XX:AdaptiveSizePolicyWeight=90 -Dsun.zip.disableMemoryMapping=true -Xmx1G -Xms100m -Xverify:none c:\Users\Mostafa\.vscode\extensions\redhat.java-1.1.0\server\plugins\org.eclipse.equinox.launcher_1.6.400.v20210924-0641.jar -configuration c:\Users\Mostafa\AppData\Roaming\Code\User\globalStorage\redhat.java\1.1.0\config_ss_win -data c:\Users\Mostafa\AppData\Roaming\Code\User\workspaceStorage\4d0f925073258c854d6855958ab64802\redhat.java\ss_ws

Host: AMD Ryzen 7 2700X Eight-Core Processor         , 16 cores, 15G,  Windows 10 , 64 bit Build 19041 (10.0.19041.1151)
Time: Fri Dec  3 15:59:58 2021 Egypt Standard Time elapsed time: 3.814262 seconds (0d 0h 0m 3s)

---------------  T H R E A D  ---------------

Current thread (0x000001af78f82000):  JavaThread "pool-1-thread-1" [_thread_in_vm, id=18460, stack(0x00000064c7400000,0x00000064c7500000)]

Stack: [0x00000064c7400000,0x00000064c7500000],  sp=0x00000064c74fd380,  free space=1012k
Native frames: (J=compiled Java code, j=interpreted, Vv=VM code, C=native code)
V  [jvm.dll+0x372adf]
C  0x000001af0000dd6d

Java frames: (J=compiled Java code, j=interpreted, Vv=VM code)
j  org.eclipse.jdt.internal.compiler.parser.Scanner.getNextToken0()I+93
j  org.eclipse.jdt.internal.compiler.parser.Scanner.getNextToken()I+47
j  org.eclipse.jdt.internal.compiler.parser.Parser.fetchNextToken()I+4
j  org.eclipse.jdt.internal.compiler.parser.Parser.parse()V+329
j  org.eclipse.jdt.internal.compiler.parser.Parser.parse(Lorg/eclipse/jdt/internal/compiler/env/ICompilationUnit;Lorg/eclipse/jdt/internal/compiler/CompilationResult;II)Lorg/eclipse/jdt/internal/compiler/ast/CompilationUnitDeclaration;+178
j  org.eclipse.jdt.internal.compiler.parser.Parser.parse(Lorg/eclipse/jdt/internal/compiler/env/ICompilationUnit;Lorg/eclipse/jdt/internal/compiler/CompilationResult;)Lorg/eclipse/jdt/internal/compiler/ast/CompilationUnitDeclaration;+5
j  org.eclipse.jdt.internal.compiler.SourceElementParser.parseCompilationUnit(Lorg/eclipse/jdt/internal/compiler/env/ICompilationUnit;ZLorg/eclipse/core/runtime/IProgressMonitor;)Lorg/eclipse/jdt/internal/compiler/ast/CompilationUnitDeclaration;+53
j  org.eclipse.jdt.internal.core.CompilationUnit.buildStructure(Lorg/eclipse/jdt/internal/core/OpenableElementInfo;Lorg/eclipse/core/runtime/IProgressMonitor;Ljava/util/Map;Lorg/eclipse/core/resources/IResource;)Z+523
J 3381 c1 org.eclipse.jdt.internal.core.Openable.generateInfos(Ljava/lang/Object;Ljava/util/HashMap;Lorg/eclipse/core/runtime/IProgressMonitor;)V (281 bytes) @ 0x000001af00e3033c [0x000001af00e2ed20+0x000000000000161c]
J 3399 c1 org.eclipse.jdt.internal.core.JavaElement.openWhenClosed(Ljava/lang/Object;ZLorg/eclipse/core/runtime/IProgressMonitor;)Ljava/lang/Object; (169 bytes) @ 0x000001af00e3d0f4 [0x000001af00e3ca40+0x00000000000006b4]
j  org.eclipse.jdt.internal.core.BecomeWorkingCopyOperation.executeOperation()V+29
j  org.eclipse.jdt.internal.core.JavaModelOperation.run(Lorg/eclipse/core/runtime/IProgressMonitor;)V+55
j  org.eclipse.jdt.internal.core.JavaModelOperation.runOperation(Lorg/eclipse/core/runtime/IProgressMonitor;)V+32
j  org.eclipse.jdt.internal.core.CompilationUnit.becomeWorkingCopy(Lorg/eclipse/jdt/core/IProblemRequestor;Lorg/eclipse/core/runtime/IProgressMonitor;)V+37
j  org.eclipse.jdt.internal.core.CompilationUnit.becomeWorkingCopy(Lorg/eclipse/core/runtime/IProgressMonitor;)V+23
j  org.eclipse.jdt.ls.core.internal.handlers.BaseDocumentLifeCycleHandler.handleOpen(Lorg/eclipse/lsp4j/DidOpenTextDocumentParams;)Lorg/eclipse/jdt/core/ICompilationUnit;+144
j  org.eclipse.jdt.ls.core.internal.handlers.BaseDocumentLifeCycleHandler$5.run(Lorg/eclipse/core/runtime/IProgressMonitor;)V+8
j  org.eclipse.core.internal.resources.Workspace.run(Lorg/eclipse/core/runtime/ICoreRunnable;Lorg/eclipse/core/runtime/jobs/ISchedulingRule;ILorg/eclipse/core/runtime/IProgressMonitor;)V+69
j  org.eclipse.core.internal.resources.Workspace.run(Lorg/eclipse/core/resources/IWorkspaceRunnable;Lorg/eclipse/core/runtime/jobs/ISchedulingRule;ILorg/eclipse/core/runtime/IProgressMonitor;)V+6
j  org.eclipse.jdt.ls.core.internal.handlers.BaseDocumentLifeCycleHandler.didOpen(Lorg/eclipse/lsp4j/DidOpenTextDocumentParams;)V+59
j  org.eclipse.jdt.ls.core.internal.syntaxserver.SyntaxLanguageServer.didOpen(Lorg/eclipse/lsp4j/DidOpenTextDocumentParams;)V+11
v  ~StubRoutines::call_stub
j  jdk.internal.reflect.NativeMethodAccessorImpl.invoke0(Ljava/lang/reflect/Method;Ljava/lang/Object;[Ljava/lang/Object;)Ljava/lang/Object;+0 java.base@11.0.12
j  jdk.internal.reflect.NativeMethodAccessorImpl.invoke(Ljava/lang/Object;[Ljava/lang/Object;)Ljava/lang/Object;+100 java.base@11.0.12
J 1128 c1 jdk.internal.reflect.DelegatingMethodAccessorImpl.invoke(Ljava/lang/Object;[Ljava/lang/Object;)Ljava/lang/Object; java.base@11.0.12 (10 bytes) @ 0x000001af0091af3c [0x000001af0091ae40+0x00000000000000fc]
J 1127 c1 java.lang.reflect.Method.invoke(Ljava/lang/Object;[Ljava/lang/Object;)Ljava/lang/Object; java.base@11.0.12 (65 bytes) @ 0x000001af0091b9cc [0x000001af0091b6a0+0x000000000000032c]
j  org.eclipse.lsp4j.jsonrpc.services.GenericEndpoint.lambda$null$0(Lorg/eclipse/lsp4j/jsonrpc/services/AnnotationUtil$MethodInfo;Ljava/lang/Object;Ljava/lang/Object;)Ljava/util/concurrent/CompletableFuture;+20
j  org.eclipse.lsp4j.jsonrpc.services.GenericEndpoint$$Lambda$172.apply(Ljava/lang/Object;)Ljava/lang/Object;+13
j  org.eclipse.lsp4j.jsonrpc.services.GenericEndpoint.notify(Ljava/lang/String;Ljava/lang/Object;)V+18
j  org.eclipse.lsp4j.jsonrpc.RemoteEndpoint.handleNotification(Lorg/eclipse/lsp4j/jsonrpc/messages/NotificationMessage;)V+20
j  org.eclipse.lsp4j.jsonrpc.RemoteEndpoint.consume(Lorg/eclipse/lsp4j/jsonrpc/messages/Message;)V+14
j  org.eclipse.lsp4j.jsonrpc.json.StreamMessageProducer.handleMessage(Ljava/io/InputStream;Lorg/eclipse/lsp4j/jsonrpc/json/StreamMessageProducer$Headers;)Z+99
j  org.eclipse.lsp4j.jsonrpc.json.StreamMessageProducer.listen(Lorg/eclipse/lsp4j/jsonrpc/MessageConsumer;)V+158
j  org.eclipse.lsp4j.jsonrpc.json.ConcurrentMessageProcessor.run()V+12
j  java.util.concurrent.Executors$RunnableAdapter.call()Ljava/lang/Object;+4 java.base@11.0.12
j  java.util.concurrent.FutureTask.run()V+39 java.base@11.0.12
j  java.util.concurrent.ThreadPoolExecutor.runWorker(Ljava/util/concurrent/ThreadPoolExecutor$Worker;)V+92 java.base@11.0.12
j  java.util.concurrent.ThreadPoolExecutor$Worker.run()V+5 java.base@11.0.12
j  java.lang.Thread.run()V+11 java.base@11.0.12
v  ~StubRoutines::call_stub

siginfo: EXCEPTION_ACCESS_VIOLATION (0xc0000005), reading address 0x00000000ec70f84c


Register to memory mapping:

RIP=0x00007ffe04982adf jvm.dll
RAX=0x000000000000000c is an unknown value
RBX=0x00000000ec70f840 is an unallocated location in the heap
RCX=0x00000064c74fd3c0 is pointing into the stack for thread: 0x000001af78f82000
RDX=0x00007ffe04e80c08 jvm.dll
RSP=0x00000064c74fd380 is pointing into the stack for thread: 0x000001af78f82000
RBP=0x000001af78335f40 points into unknown readable memory: 0x0000000000000000 | 00 00 00 00 00 00 00 00
RSI=0x000001af78f46860 points into unknown readable memory: 0x0000000000000002 | 02 00 00 00 00 00 00 00
RDI=0x000001af78f82000 is a thread
R8 =0x0000000000000a74 is an unknown value
R9 =0x0000000000000006 is an unknown value
R10=0x000001af78638920 points into unknown readable memory: 0x0000003c00000005 | 05 00 00 00 3c 00 00 00
R11=0x00000064c74fd370 is pointing into the stack for thread: 0x000001af78f82000
R12=0x0000000000000a74 is an unknown value
R13=0x00000000000003d8 is an unknown value
R14=0x000001af78335f50 points into unknown readable memory: 0x000001af77c08254 | 54 82 c0 77 af 01 00 00
R15=0x000001af78336328 points into unknown readable memory: 0x88000b73443c5983 | 83 59 3c 44 73 0b 00 88


Registers:
RAX=0x000000000000000c, RBX=0x00000000ec70f840, RCX=0x00000064c74fd3c0, RDX=0x00007ffe04e80c08
RSP=0x00000064c74fd380, RBP=0x000001af78335f40, RSI=0x000001af78f46860, RDI=0x000001af78f82000
R8 =0x0000000000000a74, R9 =0x0000000000000006, R10=0x000001af78638920, R11=0x00000064c74fd370
R12=0x0000000000000a74, R13=0x00000000000003d8, R14=0x000001af78335f50, R15=0x000001af78336328
RIP=0x00007ffe04982adf, EFLAGS=0x0000000000010202

Top of Stack: (sp=0x00000064c74fd380)
0x00000064c74fd380:   000001af7a838940 00000000ec70f840
0x00000064c74fd390:   000000000000000a 000001af78f82000
0x00000064c74fd3a0:   00000000ec86dc88 00000064c74fd3a8
0x00000064c74fd3b0:   000001af78f82000 00000064c74fd3b8
0x00000064c74fd3c0:   00007ffe04ef3780 0000005000000000
0x00000064c74fd3d0:   0000000000000000 0000000000000000
0x00000064c74fd3e0:   0000000000000000 0000000000000000
0x00000064c74fd3f0:   0000000000000000 00000064c74fd411
0x00000064c74fd400:   0000000000000000 0000000000000030
0x00000064c74fd410:   0000000000000000 00000064c74fd418
0x00000064c74fd420:   000001af7a83972d 00000064c74fd4c0
0x00000064c74fd430:   000001af7a8412f8 00000000ec86dd50
0x00000064c74fd440:   0000000000000050 0000000000000050
0x00000064c74fd450:   0000338c3aeb38b4 00000064c74fd458
0x00000064c74fd460:   000001af78f82000 00000064c74fd590
0x00000064c74fd470:   000001af7a83792d 0000000000000000 

Instructions: (pc=0x00007ffe04982adf)
0x00007ffe049829df:   00 00 00 75 1a 8b 83 d8 00 00 00 c1 e8 1d a8 01
0x00007ffe049829ef:   75 0d 8b 83 d8 00 00 00 c1 e8 02 a8 01 74 0a b2
0x00007ffe049829ff:   01 48 8b cb e8 e8 f6 3d 00 48 8b 9c 24 80 00 00
0x00007ffe04982a0f:   00 48 83 c4 40 41 5f 41 5e 5f 5e 5d c3 cc cc cc
0x00007ffe04982a1f:   cc 4c 8b dc 57 48 81 ec 10 01 00 00 48 8b 05 d6
0x00007ffe04982a2f:   64 6e 00 48 33 c4 48 89 84 24 d0 00 00 00 49 89
0x00007ffe04982a3f:   5b 20 48 8b f9 49 89 73 e8 48 8b da 4d 89 63 e0
0x00007ffe04982a4f:   ba 03 00 00 00 45 8b e0 48 89 4c 24 30 4c 8b c1
0x00007ffe04982a5f:   c7 81 c0 03 00 00 06 00 00 00 e8 42 da ff ff 48
0x00007ffe04982a6f:   83 7f 08 00 0f 85 ed 00 00 00 48 8b b7 78 02 00
0x00007ffe04982a7f:   00 48 8d 4c 24 40 48 89 ac 24 08 01 00 00 33 d2
0x00007ffe04982a8f:   4c 89 ac 24 f0 00 00 00 4c 89 b4 24 e8 00 00 00
0x00007ffe04982a9f:   48 8b 6e 10 4c 8b 76 18 4c 8b 6e 28 4c 89 bc 24
0x00007ffe04982aaf:   e0 00 00 00 4c 8b 7e 20 e8 54 70 29 00 80 3d 9e
0x00007ffe04982abf:   91 71 00 00 48 8d 15 3e e1 4f 00 b9 0c 00 00 00
0x00007ffe04982acf:   b8 10 00 00 00 0f 45 c1 45 8b c4 48 8d 4c 24 40
0x00007ffe04982adf:   44 8b 0c 18 e8 98 87 29 00 48 8b 1d 81 06 75 00
0x00007ffe04982aef:   48 8d 4c 24 40 e8 d7 77 29 00 4c 8b cb 48 89 44
0x00007ffe04982aff:   24 20 41 b8 bc 01 00 00 48 8d 15 7a 4b 53 00 48
0x00007ffe04982b0f:   8b cf e8 5a 7d f5 ff 48 8d 4c 24 40 e8 40 71 29
0x00007ffe04982b1f:   00 48 83 7d 00 00 74 13 49 8b d5 48 8b ce e8 be
0x00007ffe04982b2f:   fe d4 ff 48 8b cd e8 26 fe d4 ff 4c 8b ac 24 f0
0x00007ffe04982b3f:   00 00 00 48 89 6e 10 48 8b ac 24 08 01 00 00 4c
0x00007ffe04982b4f:   89 76 18 4c 8b b4 24 e8 00 00 00 4c 89 7e 20 4c
0x00007ffe04982b5f:   8b bc 24 e0 00 00 00 48 8b 9f f0 00 00 00 4c 8b
0x00007ffe04982b6f:   a4 24 f8 00 00 00 48 8b 43 10 48 8b 73 08 48 83
0x00007ffe04982b7f:   38 00 74 19 48 8b 53 28 48 8b ce e8 61 fe d4 ff
0x00007ffe04982b8f:   48 8b 4b 10 e8 c8 fd d4 ff 48 8b 43 10 48 89 46
0x00007ffe04982b9f:   10 48 8b 43 18 48 89 46 18 48 8b 43 20 48 8b 9c
0x00007ffe04982baf:   24 38 01 00 00 48 89 46 20 83 bf 08 04 00 00 02
0x00007ffe04982bbf:   48 8b b4 24 00 01 00 00 75 08 48 8b cf e8 df e9
0x00007ffe04982bcf:   3d 00 ba 06 00 00 00 48 8d 4c 24 30 44 8d 42 02 


Stack slot to memory mapping:
stack at sp + 0 slots: {method} {0x000001af7a838948} 'getNextToken0' '()I' in 'org/eclipse/jdt/internal/compiler/parser/Scanner'
stack at sp + 1 slots: 0x00000000ec70f840 is an unallocated location in the heap
stack at sp + 2 slots: 0x000000000000000a is an unknown value
stack at sp + 3 slots: 0x000001af78f82000 is a thread
stack at sp + 4 slots: 0x00000000ec86dc88 is an unallocated location in the heap
stack at sp + 5 slots: 0x00000064c74fd3a8 is pointing into the stack for thread: 0x000001af78f82000
stack at sp + 6 slots: 0x000001af78f82000 is a thread
stack at sp + 7 slots: 0x00000064c74fd3b8 is pointing into the stack for thread: 0x000001af78f82000


---------------  P R O C E S S  ---------------

Threads class SMR info:
_java_thread_list=0x000001af78374050, length=29, elements={
0x000001af692c2800, 0x000001af743be000, 0x000001af743c8000, 0x000001af75549800,
0x000001af743d8000, 0x000001af743da800, 0x000001af754f8000, 0x000001af754fe000,
0x000001af75500800, 0x000001af75694800, 0x000001af756a4000, 0x000001af7578c000,
0x000001af78250800, 0x000001af777fa800, 0x000001af77ac6800, 0x000001af782ea000,
0x000001af77cdc800, 0x000001af783b3000, 0x000001af78766800, 0x000001af78453000,
0x000001af7842c000, 0x000001af78747000, 0x000001af78f82000, 0x000001af790c6000,
0x000001af7908b800, 0x000001af7bc67000, 0x000001af7a917000, 0x000001af7adc8000,
0x000001af7c21d000
}

Java Threads: ( => current thread )
  0x000001af692c2800 JavaThread "main" [_thread_blocked, id=47512, stack(0x00000064c5200000,0x00000064c5300000)]
  0x000001af743be000 JavaThread "Reference Handler" daemon [_thread_blocked, id=9696, stack(0x00000064c5500000,0x00000064c5600000)]
  0x000001af743c8000 JavaThread "Finalizer" daemon [_thread_blocked, id=45272, stack(0x00000064c5600000,0x00000064c5700000)]
  0x000001af75549800 JavaThread "Signal Dispatcher" daemon [_thread_blocked, id=58140, stack(0x00000064c5700000,0x00000064c5800000)]
  0x000001af743d8000 JavaThread "Attach Listener" daemon [_thread_blocked, id=19748, stack(0x00000064c5800000,0x00000064c5900000)]
  0x000001af743da800 JavaThread "Service Thread" daemon [_thread_blocked, id=45172, stack(0x00000064c5900000,0x00000064c5a00000)]
  0x000001af754f8000 JavaThread "C2 CompilerThread0" daemon [_thread_blocked, id=37024, stack(0x00000064c5a00000,0x00000064c5b00000)]
  0x000001af754fe000 JavaThread "C1 CompilerThread0" daemon [_thread_blocked, id=28052, stack(0x00000064c5b00000,0x00000064c5c00000)]
  0x000001af75500800 JavaThread "Sweeper thread" daemon [_thread_blocked, id=37924, stack(0x00000064c5c00000,0x00000064c5d00000)]
  0x000001af75694800 JavaThread "Common-Cleaner" daemon [_thread_blocked, id=35904, stack(0x00000064c5d00000,0x00000064c5e00000)]
  0x000001af756a4000 JavaThread "C1 CompilerThread1" daemon [_thread_blocked, id=49232, stack(0x00000064c5e00000,0x00000064c5f00000)]
  0x000001af7578c000 JavaThread "C1 CompilerThread2" daemon [_thread_blocked, id=28740, stack(0x00000064c6100000,0x00000064c6200000)]
  0x000001af78250800 JavaThread "Active Thread: Equinox Container: 3107c44d-f98d-43e7-94f4-7fa8b68a5c66" [_thread_blocked, id=52028, stack(0x00000064c6200000,0x00000064c6300000)]
  0x000001af777fa800 JavaThread "Framework Event Dispatcher: Equinox Container: 3107c44d-f98d-43e7-94f4-7fa8b68a5c66" daemon [_thread_blocked, id=49504, stack(0x00000064c6300000,0x00000064c6400000)]
  0x000001af77ac6800 JavaThread "Start Level: Equinox Container: 3107c44d-f98d-43e7-94f4-7fa8b68a5c66" daemon [_thread_blocked, id=32932, stack(0x00000064c6400000,0x00000064c6500000)]
  0x000001af782ea000 JavaThread "SCR Component Actor" daemon [_thread_blocked, id=33016, stack(0x00000064c6800000,0x00000064c6900000)]
  0x000001af77cdc800 JavaThread "Timer-0" daemon [_thread_blocked, id=33828, stack(0x00000064c6900000,0x00000064c6a00000)]
  0x000001af783b3000 JavaThread "Worker-JM" [_thread_blocked, id=19552, stack(0x00000064c6b00000,0x00000064c6c00000)]
  0x000001af78766800 JavaThread "Worker-0" [_thread_blocked, id=29344, stack(0x00000064c7100000,0x00000064c7200000)]
  0x000001af78453000 JavaThread "Worker-1" [_thread_blocked, id=23692, stack(0x00000064c6e00000,0x00000064c6f00000)]
  0x000001af7842c000 JavaThread "C2 CompilerThread1" daemon [_thread_blocked, id=35896, stack(0x00000064c5f00000,0x00000064c6000000)]
  0x000001af78747000 JavaThread "C2 CompilerThread2" daemon [_thread_blocked, id=34396, stack(0x00000064c6a00000,0x00000064c6b00000)]
=>0x000001af78f82000 JavaThread "pool-1-thread-1" [_thread_in_vm, id=18460, stack(0x00000064c7400000,0x00000064c7500000)]
  0x000001af790c6000 JavaThread "C2 CompilerThread3" daemon [_thread_blocked, id=49056, stack(0x00000064c7500000,0x00000064c7600000)]
  0x000001af7908b800 JavaThread "C2 CompilerThread4" daemon [_thread_in_native, id=56472, stack(0x00000064c7600000,0x00000064c7700000)]
  0x000001af7bc67000 JavaThread "C1 CompilerThread3" daemon [_thread_blocked, id=57940, stack(0x00000064c7900000,0x00000064c7a00000)]
  0x000001af7a917000 JavaThread "C2 CompilerThread5" daemon [_thread_blocked, id=56520, stack(0x00000064c7a00000,0x00000064c7b00000)]
  0x000001af7adc8000 JavaThread "C2 CompilerThread6" daemon [_thread_blocked, id=9080, stack(0x00000064c7b00000,0x00000064c7c00000)]
  0x000001af7c21d000 JavaThread "C2 CompilerThread7" daemon [_thread_blocked, id=41804, stack(0x00000064c7c00000,0x00000064c7d00000)]

Other Threads:
  0x000001af754f6800 VMThread "VM Thread" [stack: 0x00000064c5400000,0x00000064c5500000] [id=25468]
  0x000001af7761d800 WatcherThread [stack: 0x00000064c6000000,0x00000064c6100000] [id=45044]
  0x000001af692dc000 GCTaskThread "ParGC Thread#0" [stack: 0x00000064c5300000,0x00000064c5400000] [id=46060]
  0x000001af782c7000 GCTaskThread "ParGC Thread#1" [stack: 0x00000064c6500000,0x00000064c6600000] [id=32552]
  0x000001af782c7800 GCTaskThread "ParGC Thread#2" [stack: 0x00000064c6600000,0x00000064c6700000] [id=37148]
  0x000001af782c8800 GCTaskThread "ParGC Thread#3" [stack: 0x00000064c6700000,0x00000064c6800000] [id=26172]
  0x000001af78523000 GCTaskThread "ParGC Thread#4" [stack: 0x00000064c6f00000,0x00000064c7000000] [id=5888]
  0x000001af78454000 GCTaskThread "ParGC Thread#5" [stack: 0x00000064c7000000,0x00000064c7100000] [id=23304]
  0x000001af786eb000 GCTaskThread "ParGC Thread#6" [stack: 0x00000064c6c00000,0x00000064c6d00000] [id=21996]
  0x000001af787b1800 GCTaskThread "ParGC Thread#7" [stack: 0x00000064c6d00000,0x00000064c6e00000] [id=48488]
  0x000001af78f99000 GCTaskThread "ParGC Thread#8" [stack: 0x00000064c7200000,0x00000064c7300000] [id=34824]
  0x000001af7891d000 GCTaskThread "ParGC Thread#9" [stack: 0x00000064c7300000,0x00000064c7400000] [id=43492]
  0x000001af790d7000 GCTaskThread "ParGC Thread#10" [stack: 0x00000064c7700000,0x00000064c7800000] [id=37860]
  0x000001af7aba8000 GCTaskThread "ParGC Thread#11" [stack: 0x00000064c7800000,0x00000064c7900000] [id=43632]

Threads with active compile tasks:
C1 CompilerThread0   3921 3520       3       org.eclipse.jdt.internal.compiler.parser.Parser::consumeRule (7754 bytes)
C1 CompilerThread2   3922 3515       3       org.eclipse.jdt.internal.compiler.parser.Scanner::internalScanIdentifierOrKeyword (4733 bytes)
C2 CompilerThread3   3922 3291   !   4       java.nio.file.FileTreeWalker::getAttributes (94 bytes)
C2 CompilerThread4   3922 3288   !   4       java.nio.file.FileTreeWalker::visit (204 bytes)
C2 CompilerThread5   3923 3367       4       jdk.internal.jimage.ImageReader$SharedImageReader::visitLocation (73 bytes)
C2 CompilerThread7   3923 3229   !   4       java.nio.file.FileTreeWalker::next (144 bytes)

VM state:synchronizing (normal execution)

VM Mutex/Monitor currently owned by a thread:  ([mutex/lock_event])
[0x000001af692be0e0] Threads_lock - owner thread: 0x000001af754f6800

Heap address: 0x00000000c0000000, size: 1024 MB, Compressed Oops mode: 32-bit
Narrow klass base: 0x0000000000000000, Narrow klass shift: 3
Compressed class space size: 1073741824 Address: 0x0000000100000000

Heap:
 PSYoungGen      total 22528K, used 12K [0x00000000eab00000, 0x00000000ec700000, 0x0000000100000000)
  eden space 22016K, 0% used [0x00000000eab00000,0x00000000eab030b0,0x00000000ec080000)
  from space 512K, 0% used [0x00000000ec300000,0x00000000ec300000,0x00000000ec380000)
  to   space 1536K, 0% used [0x00000000ec580000,0x00000000ec580000,0x00000000ec700000)
 ParOldGen       total 68608K, used 32060K [0x00000000c0000000, 0x00000000c4300000, 0x00000000eab00000)
  object space 68608K, 46% used [0x00000000c0000000,0x00000000c1f4f328,0x00000000c4300000)
 Metaspace       used 33326K, capacity 35354K, committed 35584K, reserved 1081344K
  class space    used 3142K, capacity 3809K, committed 3840K, reserved 1048576K

Card table byte_map: [0x000001af68cb0000,0x000001af68ec0000] _byte_map_base: 0x000001af686b0000

Marking Bits: (ParMarkBitMap*) 0x00007ffe050b3cf0
 Begin Bits: [0x000001af719e0000, 0x000001af729e0000)
 End Bits:   [0x000001af729e0000, 0x000001af739e0000)

Polling page: 0x000001af68aa0000

Metaspace:

Usage:
  Non-class:     30.81 MB capacity,    29.48 MB ( 96%) used,     1.26 MB (  4%) free+waste,    73.13 KB ( <1%) overhead. 
      Class:      3.72 MB capacity,     3.07 MB ( 83%) used,   631.73 KB ( 17%) free+waste,    34.69 KB ( <1%) overhead. 
       Both:     34.53 MB capacity,    32.55 MB ( 94%) used,     1.88 MB (  5%) free+waste,   107.81 KB ( <1%) overhead. 

Virtual space:
  Non-class space:       32.00 MB reserved,      31.00 MB ( 97%) committed 
      Class space:        1.00 GB reserved,       3.75 MB ( <1%) committed 
             Both:        1.03 GB reserved,      34.75 MB (  3%) committed 

Chunk freelists:
   Non-Class:  7.00 KB
       Class:  31.00 KB
        Both:  38.00 KB

MaxMetaspaceSize: 17179869184.00 GB
CompressedClassSpaceSize: 1.00 GB
Initial GC threshold: 20.80 MB
Current GC threshold: 57.50 MB
CDS: off

CodeHeap 'non-profiled nmethods': size=119168Kb used=1707Kb max_used=1707Kb free=117460Kb
 bounds [0x000001af07ba0000, 0x000001af07e10000, 0x000001af0f000000]
CodeHeap 'profiled nmethods': size=119168Kb used=7584Kb max_used=7584Kb free=111583Kb
 bounds [0x000001af00740000, 0x000001af00eb0000, 0x000001af07ba0000]
CodeHeap 'non-nmethods': size=7424Kb used=2957Kb max_used=3038Kb free=4466Kb
 bounds [0x000001af00000000, 0x000001af00300000, 0x000001af00740000]
 total_blobs=4031 nmethods=3484 adapters=457
 compilation: enabled
              stopped_count=0, restarted_count=0
 full_count=0

Compilation events (20 events):
Event: 3.512 Thread 0x000001af7bc67000 3514   !   3       org.eclipse.jdt.internal.compiler.parser.Parser::readTable (145 bytes)
Event: 3.513 Thread 0x000001af7bc67000 nmethod 3514 0x000001af00ea4690 code [0x000001af00ea4a20, 0x000001af00ea6168]
Event: 3.518 Thread 0x000001af754f8000 nmethod 3507 0x000001af07d38b90 code [0x000001af07d38d80, 0x000001af07d39950]
Event: 3.518 Thread 0x000001af754f8000 3511   !   4       java.util.concurrent.ConcurrentHashMap::transfer (828 bytes)
Event: 3.527 Thread 0x000001af7842c000 nmethod 3484% 0x000001af07d39f10 code [0x000001af07d3a280, 0x000001af07d3c8e0]
Event: 3.540 Thread 0x000001af78747000 nmethod 3296 0x000001af07d3e090 code [0x000001af07d3e540, 0x000001af07d43c38]
Event: 3.541 Thread 0x000001af754f8000 nmethod 3511 0x000001af07d47690 code [0x000001af07d47880, 0x000001af07d485e8]
Event: 3.551 Thread 0x000001af7adc8000 nmethod 3509 0x000001af07d48e10 code [0x000001af07d49020, 0x000001af07d4a428]
Event: 3.591 Thread 0x000001af7578c000 3515       3       org.eclipse.jdt.internal.compiler.parser.Scanner::internalScanIdentifierOrKeyword (4733 bytes)
Event: 3.592 Thread 0x000001af756a4000 3516       3       org.eclipse.jdt.internal.compiler.parser.Parser::tAction (35 bytes)
Event: 3.592 Thread 0x000001af754fe000 3517       3       org.eclipse.jdt.internal.compiler.parser.Parser::actFromTokenOrSynthetic (9 bytes)
Event: 3.592 Thread 0x000001af756a4000 nmethod 3516 0x000001af00ea6b10 code [0x000001af00ea6ce0, 0x000001af00ea6eb8]
Event: 3.592 Thread 0x000001af754fe000 nmethod 3517 0x000001af00ea7010 code [0x000001af00ea71e0, 0x000001af00ea7438]
Event: 3.597 Thread 0x000001af7bc67000 3518       3       org.eclipse.jdt.internal.compiler.parser.Parser::ntAction (8 bytes)
Event: 3.597 Thread 0x000001af756a4000 3519       3       org.eclipse.jdt.internal.compiler.parser.Scanner::areRestrictedModuleKeywordsActive (21 bytes)
Event: 3.597 Thread 0x000001af754fe000 3520       3       org.eclipse.jdt.internal.compiler.parser.Parser::consumeRule (7754 bytes)
Event: 3.597 Thread 0x000001af7bc67000 nmethod 3518 0x000001af00ea7610 code [0x000001af00ea77c0, 0x000001af00ea78d8]
Event: 3.597 Thread 0x000001af756a4000 nmethod 3519 0x000001af00ea7990 code [0x000001af00ea7b40, 0x000001af00ea7cd8]
Event: 3.598 Thread 0x000001af7bc67000 3521       3       org.eclipse.jdt.core.compiler.CharOperation::isWhitespace (23 bytes)
Event: 3.598 Thread 0x000001af7bc67000 nmethod 3521 0x000001af00ea7d90 code [0x000001af00ea7f40, 0x000001af00ea80f8]

GC Heap History (20 events):
Event: 2.831 GC heap before
{Heap before GC invocations=6 (full 1):
 PSYoungGen      total 29696K, used 28355K [0x00000000eab00000, 0x00000000ecc00000, 0x0000000100000000)
  eden space 25600K, 100% used [0x00000000eab00000,0x00000000ec400000,0x00000000ec400000)
  from space 4096K, 67% used [0x00000000ec800000,0x00000000ecab0c68,0x00000000ecc00000)
  to   space 4096K, 0% used [0x00000000ec400000,0x00000000ec400000,0x00000000ec800000)
 ParOldGen       total 68608K, used 13461K [0x00000000c0000000, 0x00000000c4300000, 0x00000000eab00000)
  object space 68608K, 19% used [0x00000000c0000000,0x00000000c0d25508,0x00000000c4300000)
 Metaspace       used 29314K, capacity 31039K, committed 31104K, reserved 1077248K
  class space    used 2800K, capacity 3419K, committed 3456K, reserved 1048576K
}
Event: 2.834 GC heap after
{Heap after GC invocations=6 (full 1):
 PSYoungGen      total 28672K, used 3417K [0x00000000eab00000, 0x00000000eca80000, 0x0000000100000000)
  eden space 25088K, 0% used [0x00000000eab00000,0x00000000eab00000,0x00000000ec380000)
  from space 3584K, 95% used [0x00000000ec400000,0x00000000ec756620,0x00000000ec780000)
  to   space 3072K, 0% used [0x00000000ec780000,0x00000000ec780000,0x00000000eca80000)
 ParOldGen       total 68608K, used 13469K [0x00000000c0000000, 0x00000000c4300000, 0x00000000eab00000)
  object space 68608K, 19% used [0x00000000c0000000,0x00000000c0d27508,0x00000000c4300000)
 Metaspace       used 29314K, capacity 31039K, committed 31104K, reserved 1077248K
  class space    used 2800K, capacity 3419K, committed 3456K, reserved 1048576K
}
Event: 2.960 GC heap before
{Heap before GC invocations=7 (full 1):
 PSYoungGen      total 28672K, used 28505K [0x00000000eab00000, 0x00000000eca80000, 0x0000000100000000)
  eden space 25088K, 100% used [0x00000000eab00000,0x00000000ec380000,0x00000000ec380000)
  from space 3584K, 95% used [0x00000000ec400000,0x00000000ec756620,0x00000000ec780000)
  to   space 3072K, 0% used [0x00000000ec780000,0x00000000ec780000,0x00000000eca80000)
 ParOldGen       total 68608K, used 13469K [0x00000000c0000000, 0x00000000c4300000, 0x00000000eab00000)
  object space 68608K, 19% used [0x00000000c0000000,0x00000000c0d27508,0x00000000c4300000)
 Metaspace       used 30146K, capacity 31920K, committed 32256K, reserved 1077248K
  class space    used 2873K, capacity 3498K, committed 3584K, reserved 1048576K
}
Event: 2.962 GC heap after
{Heap after GC invocations=7 (full 1):
 PSYoungGen      total 27648K, used 3062K [0x00000000eab00000, 0x00000000ecc00000, 0x0000000100000000)
  eden space 24576K, 0% used [0x00000000eab00000,0x00000000eab00000,0x00000000ec300000)
  from space 3072K, 99% used [0x00000000ec780000,0x00000000eca7db80,0x00000000eca80000)
  to   space 4608K, 0% used [0x00000000ec300000,0x00000000ec300000,0x00000000ec780000)
 ParOldGen       total 68608K, used 14545K [0x00000000c0000000, 0x00000000c4300000, 0x00000000eab00000)
  object space 68608K, 21% used [0x00000000c0000000,0x00000000c0e34518,0x00000000c4300000)
 Metaspace       used 30146K, capacity 31920K, committed 32256K, reserved 1077248K
  class space    used 2873K, capacity 3498K, committed 3584K, reserved 1048576K
}
Event: 3.075 GC heap before
{Heap before GC invocations=8 (full 1):
 PSYoungGen      total 27648K, used 27638K [0x00000000eab00000, 0x00000000ecc00000, 0x0000000100000000)
  eden space 24576K, 100% used [0x00000000eab00000,0x00000000ec300000,0x00000000ec300000)
  from space 3072K, 99% used [0x00000000ec780000,0x00000000eca7db80,0x00000000eca80000)
  to   space 4608K, 0% used [0x00000000ec300000,0x00000000ec300000,0x00000000ec780000)
 ParOldGen       total 68608K, used 14545K [0x00000000c0000000, 0x00000000c4300000, 0x00000000eab00000)
  object space 68608K, 21% used [0x00000000c0000000,0x00000000c0e34518,0x00000000c4300000)
 Metaspace       used 30844K, capacity 32702K, committed 32896K, reserved 1079296K
  class space    used 2954K, capacity 3608K, committed 3712K, reserved 1048576K
}
Event: 3.079 GC heap after
{Heap after GC invocations=8 (full 1):
 PSYoungGen      total 28672K, used 4598K [0x00000000eab00000, 0x00000000ecd80000, 0x0000000100000000)
  eden space 24064K, 0% used [0x00000000eab00000,0x00000000eab00000,0x00000000ec280000)
  from space 4608K, 99% used [0x00000000ec300000,0x00000000ec77db90,0x00000000ec780000)
  to   space 5632K, 0% used [0x00000000ec800000,0x00000000ec800000,0x00000000ecd80000)
 ParOldGen       total 68608K, used 15289K [0x00000000c0000000, 0x00000000c4300000, 0x00000000eab00000)
  object space 68608K, 22% used [0x00000000c0000000,0x00000000c0eee558,0x00000000c4300000)
 Metaspace       used 30844K, capacity 32702K, committed 32896K, reserved 1079296K
  class space    used 2954K, capacity 3608K, committed 3712K, reserved 1048576K
}
Event: 3.146 GC heap before
{Heap before GC invocations=9 (full 1):
 PSYoungGen      total 28672K, used 28662K [0x00000000eab00000, 0x00000000ecd80000, 0x0000000100000000)
  eden space 24064K, 99% used [0x00000000eab00000,0x00000000ec27ffd8,0x00000000ec280000)
  from space 4608K, 99% used [0x00000000ec300000,0x00000000ec77db90,0x00000000ec780000)
  to   space 5632K, 0% used [0x00000000ec800000,0x00000000ec800000,0x00000000ecd80000)
 ParOldGen       total 68608K, used 15289K [0x00000000c0000000, 0x00000000c4300000, 0x00000000eab00000)
  object space 68608K, 22% used [0x00000000c0000000,0x00000000c0eee558,0x00000000c4300000)
 Metaspace       used 30900K, capacity 32702K, committed 32896K, reserved 1079296K
  class space    used 2955K, capacity 3608K, committed 3712K, reserved 1048576K
}
Event: 3.157 GC heap after
{Heap after GC invocations=9 (full 1):
 PSYoungGen      total 28672K, used 4894K [0x00000000eab00000, 0x00000000ecd00000, 0x0000000100000000)
  eden space 23552K, 0% used [0x00000000eab00000,0x00000000eab00000,0x00000000ec200000)
  from space 5120K, 95% used [0x00000000ec800000,0x00000000eccc7848,0x00000000ecd00000)
  to   space 5120K, 0% used [0x00000000ec300000,0x00000000ec300000,0x00000000ec800000)
 ParOldGen       total 68608K, used 17337K [0x00000000c0000000, 0x00000000c4300000, 0x00000000eab00000)
  object space 68608K, 25% used [0x00000000c0000000,0x00000000c10ee460,0x00000000c4300000)
 Metaspace       used 30900K, capacity 32702K, committed 32896K, reserved 1079296K
  class space    used 2955K, capacity 3608K, committed 3712K, reserved 1048576K
}
Event: 3.233 GC heap before
{Heap before GC invocations=10 (full 1):
 PSYoungGen      total 28672K, used 28446K [0x00000000eab00000, 0x00000000ecd00000, 0x0000000100000000)
  eden space 23552K, 100% used [0x00000000eab00000,0x00000000ec200000,0x00000000ec200000)
  from space 5120K, 95% used [0x00000000ec800000,0x00000000eccc7848,0x00000000ecd00000)
  to   space 5120K, 0% used [0x00000000ec300000,0x00000000ec300000,0x00000000ec800000)
 ParOldGen       total 68608K, used 17337K [0x00000000c0000000, 0x00000000c4300000, 0x00000000eab00000)
  object space 68608K, 25% used [0x00000000c0000000,0x00000000c10ee460,0x00000000c4300000)
 Metaspace       used 31073K, capacity 32894K, committed 33152K, reserved 1079296K
  class space    used 2968K, capacity 3608K, committed 3712K, reserved 1048576K
}
Event: 3.237 GC heap after
{Heap after GC invocations=10 (full 1):
 PSYoungGen      total 28160K, used 5106K [0x00000000eab00000, 0x00000000ed180000, 0x0000000100000000)
  eden space 23040K, 0% used [0x00000000eab00000,0x00000000eab00000,0x00000000ec180000)
  from space 5120K, 99% used [0x00000000ec300000,0x00000000ec7fcb38,0x00000000ec800000)
  to   space 8192K, 0% used [0x00000000ec980000,0x00000000ec980000,0x00000000ed180000)
 ParOldGen       total 68608K, used 19575K [0x00000000c0000000, 0x00000000c4300000, 0x00000000eab00000)
  object space 68608K, 28% used [0x00000000c0000000,0x00000000c131dd90,0x00000000c4300000)
 Metaspace       used 31073K, capacity 32894K, committed 33152K, reserved 1079296K
  class space    used 2968K, capacity 3608K, committed 3712K, reserved 1048576K
}
Event: 3.272 GC heap before
{Heap before GC invocations=11 (full 1):
 PSYoungGen      total 28160K, used 28146K [0x00000000eab00000, 0x00000000ed180000, 0x0000000100000000)
  eden space 23040K, 100% used [0x00000000eab00000,0x00000000ec180000,0x00000000ec180000)
  from space 5120K, 99% used [0x00000000ec300000,0x00000000ec7fcb38,0x00000000ec800000)
  to   space 8192K, 0% used [0x00000000ec980000,0x00000000ec980000,0x00000000ed180000)
 ParOldGen       total 68608K, used 19575K [0x00000000c0000000, 0x00000000c4300000, 0x00000000eab00000)
  object space 68608K, 28% used [0x00000000c0000000,0x00000000c131dd90,0x00000000c4300000)
 Metaspace       used 31073K, capacity 32894K, committed 33152K, reserved 1079296K
  class space    used 2968K, capacity 3608K, committed 3712K, reserved 1048576K
}
Event: 3.276 GC heap after
{Heap after GC invocations=11 (full 1):
 PSYoungGen      total 27648K, used 4768K [0x00000000eab00000, 0x00000000ece80000, 0x0000000100000000)
  eden space 22528K, 0% used [0x00000000eab00000,0x00000000eab00000,0x00000000ec100000)
  from space 5120K, 93% used [0x00000000ec980000,0x00000000ece28020,0x00000000ece80000)
  to   space 6144K, 0% used [0x00000000ec280000,0x00000000ec280000,0x00000000ec880000)
 ParOldGen       total 68608K, used 22542K [0x00000000c0000000, 0x00000000c4300000, 0x00000000eab00000)
  object space 68608K, 32% used [0x00000000c0000000,0x00000000c1603948,0x00000000c4300000)
 Metaspace       used 31073K, capacity 32894K, committed 33152K, reserved 1079296K
  class space    used 2968K, capacity 3608K, committed 3712K, reserved 1048576K
}
Event: 3.321 GC heap before
{Heap before GC invocations=12 (full 1):
 PSYoungGen      total 27648K, used 27296K [0x00000000eab00000, 0x00000000ece80000, 0x0000000100000000)
  eden space 22528K, 100% used [0x00000000eab00000,0x00000000ec100000,0x00000000ec100000)
  from space 5120K, 93% used [0x00000000ec980000,0x00000000ece28020,0x00000000ece80000)
  to   space 6144K, 0% used [0x00000000ec280000,0x00000000ec280000,0x00000000ec880000)
 ParOldGen       total 68608K, used 22542K [0x00000000c0000000, 0x00000000c4300000, 0x00000000eab00000)
  object space 68608K, 32% used [0x00000000c0000000,0x00000000c1603948,0x00000000c4300000)
 Metaspace       used 31073K, capacity 32894K, committed 33152K, reserved 1079296K
  class space    used 2968K, capacity 3608K, committed 3712K, reserved 1048576K
}
Event: 3.332 GC heap after
{Heap after GC invocations=12 (full 1):
 PSYoungGen      total 24576K, used 2496K [0x00000000eab00000, 0x00000000eca00000, 0x0000000100000000)
  eden space 22016K, 0% used [0x00000000eab00000,0x00000000eab00000,0x00000000ec080000)
  from space 2560K, 97% used [0x00000000ec280000,0x00000000ec4f0000,0x00000000ec500000)
  to   space 3584K, 0% used [0x00000000ec680000,0x00000000ec680000,0x00000000eca00000)
 ParOldGen       total 68608K, used 27190K [0x00000000c0000000, 0x00000000c4300000, 0x00000000eab00000)
  object space 68608K, 39% used [0x00000000c0000000,0x00000000c1a8da00,0x00000000c4300000)
 Metaspace       used 31073K, capacity 32894K, committed 33152K, reserved 1079296K
  class space    used 2968K, capacity 3608K, committed 3712K, reserved 1048576K
}
Event: 3.552 GC heap before
{Heap before GC invocations=13 (full 1):
 PSYoungGen      total 24576K, used 24512K [0x00000000eab00000, 0x00000000eca00000, 0x0000000100000000)
  eden space 22016K, 100% used [0x00000000eab00000,0x00000000ec080000,0x00000000ec080000)
  from space 2560K, 97% used [0x00000000ec280000,0x00000000ec4f0000,0x00000000ec500000)
  to   space 3584K, 0% used [0x00000000ec680000,0x00000000ec680000,0x00000000eca00000)
 ParOldGen       total 68608K, used 27190K [0x00000000c0000000, 0x00000000c4300000, 0x00000000eab00000)
  object space 68608K, 39% used [0x00000000c0000000,0x00000000c1a8da00,0x00000000c4300000)
 Metaspace       used 32581K, capacity 34586K, committed 34816K, reserved 1081344K
  class space    used 3076K, capacity 3745K, committed 3840K, reserved 1048576K
}
Event: 3.555 GC heap after
{Heap after GC invocations=13 (full 1):
 PSYoungGen      total 25600K, used 3291K [0x00000000eab00000, 0x00000000eca00000, 0x0000000100000000)
  eden space 22016K, 0% used [0x00000000eab00000,0x00000000eab00000,0x00000000ec080000)
  from space 3584K, 91% used [0x00000000ec680000,0x00000000ec9b6f70,0x00000000eca00000)
  to   space 3584K, 0% used [0x00000000ec300000,0x00000000ec300000,0x00000000ec680000)
 ParOldGen       total 68608K, used 29572K [0x00000000c0000000, 0x00000000c4300000, 0x00000000eab00000)
  object space 68608K, 43% used [0x00000000c0000000,0x00000000c1ce1280,0x00000000c4300000)
 Metaspace       used 32581K, capacity 34586K, committed 34816K, reserved 1081344K
  class space    used 3076K, capacity 3745K, committed 3840K, reserved 1048576K
}
Event: 3.600 GC heap before
{Heap before GC invocations=14 (full 1):
 PSYoungGen      total 25600K, used 4586K [0x00000000eab00000, 0x00000000eca00000, 0x0000000100000000)
  eden space 22016K, 5% used [0x00000000eab00000,0x00000000eac43bb0,0x00000000ec080000)
  from space 3584K, 91% used [0x00000000ec680000,0x00000000ec9b6f70,0x00000000eca00000)
  to   space 3584K, 0% used [0x00000000ec300000,0x00000000ec300000,0x00000000ec680000)
 ParOldGen       total 68608K, used 29572K [0x00000000c0000000, 0x00000000c4300000, 0x00000000eab00000)
  object space 68608K, 43% used [0x00000000c0000000,0x00000000c1ce1280,0x00000000c4300000)
 Metaspace       used 33311K, capacity 35290K, committed 35328K, reserved 1081344K
  class space    used 3142K, capacity 3809K, committed 3840K, reserved 1048576K
}
Event: 3.605 GC heap after
{Heap after GC invocations=14 (full 1):
 PSYoungGen      total 22528K, used 128K [0x00000000eab00000, 0x00000000ec700000, 0x0000000100000000)
  eden space 22016K, 0% used [0x00000000eab00000,0x00000000eab00000,0x00000000ec080000)
  from space 512K, 25% used [0x00000000ec300000,0x00000000ec320000,0x00000000ec380000)
  to   space 1536K, 0% used [0x00000000ec580000,0x00000000ec580000,0x00000000ec700000)
 ParOldGen       total 68608K, used 32685K [0x00000000c0000000, 0x00000000c4300000, 0x00000000eab00000)
  object space 68608K, 47% used [0x00000000c0000000,0x00000000c1feb588,0x00000000c4300000)
 Metaspace       used 33311K, capacity 35290K, committed 35328K, reserved 1081344K
  class space    used 3142K, capacity 3809K, committed 3840K, reserved 1048576K
}
Event: 3.605 GC heap before
{Heap before GC invocations=15 (full 2):
 PSYoungGen      total 22528K, used 128K [0x00000000eab00000, 0x00000000ec700000, 0x0000000100000000)
  eden space 22016K, 0% used [0x00000000eab00000,0x00000000eab00000,0x00000000ec080000)
  from space 512K, 25% used [0x00000000ec300000,0x00000000ec320000,0x00000000ec380000)
  to   space 1536K, 0% used [0x00000000ec580000,0x00000000ec580000,0x00000000ec700000)
 ParOldGen       total 68608K, used 32685K [0x00000000c0000000, 0x00000000c4300000, 0x00000000eab00000)
  object space 68608K, 47% used [0x00000000c0000000,0x00000000c1feb588,0x00000000c4300000)
 Metaspace       used 33311K, capacity 35290K, committed 35328K, reserved 1081344K
  class space    used 3142K, capacity 3809K, committed 3840K, reserved 1048576K
}
Event: 3.794 GC heap after
{Heap after GC invocations=15 (full 2):
 PSYoungGen      total 22528K, used 0K [0x00000000eab00000, 0x00000000ec700000, 0x0000000100000000)
  eden space 22016K, 0% used [0x00000000eab00000,0x00000000eab00000,0x00000000ec080000)
  from space 512K, 0% used [0x00000000ec300000,0x00000000ec300000,0x00000000ec380000)
  to   space 1536K, 0% used [0x00000000ec580000,0x00000000ec580000,0x00000000ec700000)
 ParOldGen       total 68608K, used 32060K [0x00000000c0000000, 0x00000000c4300000, 0x00000000eab00000)
  object space 68608K, 46% used [0x00000000c0000000,0x00000000c1f4f328,0x00000000c4300000)
 Metaspace       used 33311K, capacity 35290K, committed 35328K, reserved 1081344K
  class space    used 3142K, capacity 3809K, committed 3840K, reserved 1048576K
}

Deoptimization events (20 events):
Event: 3.409 Thread 0x000001af78f82000 DEOPT PACKING pc=0x000001af07c9942c sp=0x00000064c74fd660
Event: 3.409 Thread 0x000001af78f82000 DEOPT UNPACKING pc=0x000001af0004a1af sp=0x00000064c74fd5d8 mode 2
Event: 3.428 Thread 0x000001af78f82000 Uncommon trap: trap_request=0xffffff4d fr.pc=0x000001af07c9a1d0 relative=0x00000000000000b0
Event: 3.428 Thread 0x000001af78f82000 Uncommon trap: reason=unstable_if action=reinterpret pc=0x000001af07c9a1d0 method=org.eclipse.core.internal.resources.Resource.isMember(II)Z @ 17 c2
Event: 3.428 Thread 0x000001af78f82000 DEOPT PACKING pc=0x000001af07c9a1d0 sp=0x00000064c74fdb70
Event: 3.428 Thread 0x000001af78f82000 DEOPT UNPACKING pc=0x000001af0004a1af sp=0x00000064c74fdb08 mode 2
Event: 3.458 Thread 0x000001af78f82000 Uncommon trap: trap_request=0xffffff4d fr.pc=0x000001af07ca0ccc relative=0x0000000000000d4c
Event: 3.458 Thread 0x000001af78f82000 Uncommon trap: reason=unstable_if action=reinterpret pc=0x000001af07ca0ccc method=java.util.Properties$LineReader.readLine()I @ 295 c2
Event: 3.458 Thread 0x000001af78f82000 DEOPT PACKING pc=0x000001af07ca0ccc sp=0x00000064c74fce60
Event: 3.458 Thread 0x000001af78f82000 DEOPT UNPACKING pc=0x000001af0004a1af sp=0x00000064c74fcdf0 mode 2
Event: 3.491 Thread 0x000001af78f82000 Uncommon trap: trap_request=0xffffffde fr.pc=0x000001af07c41498 relative=0x00000000000001b8
Event: 3.491 Thread 0x000001af78f82000 Uncommon trap: reason=class_check action=maybe_recompile pc=0x000001af07c41498 method=java.io.BufferedInputStream.read1([BII)I @ 39 c2
Event: 3.491 Thread 0x000001af78f82000 DEOPT PACKING pc=0x000001af07c41498 sp=0x00000064c74fc900
Event: 3.491 Thread 0x000001af78f82000 DEOPT UNPACKING pc=0x000001af0004a1af sp=0x00000064c74fc8b8 mode 2
Event: 3.508 Thread 0x000001af78f82000 DEOPT PACKING pc=0x000001af00e9184e sp=0x00000064c74fca90
Event: 3.508 Thread 0x000001af78f82000 DEOPT UNPACKING pc=0x000001af0004a95e sp=0x00000064c74fbf70 mode 0
Event: 3.509 Thread 0x000001af78f82000 DEOPT PACKING pc=0x000001af00e9184e sp=0x00000064c74fca90
Event: 3.509 Thread 0x000001af78f82000 DEOPT UNPACKING pc=0x000001af0004a95e sp=0x00000064c74fbf70 mode 0
Event: 3.509 Thread 0x000001af78f82000 DEOPT PACKING pc=0x000001af00d0264c sp=0x00000064c74fc8a0
Event: 3.509 Thread 0x000001af78f82000 DEOPT UNPACKING pc=0x000001af0004a95e sp=0x00000064c74fbdc0 mode 0

Classes redefined (0 events):
No events

Internal exceptions (20 events):
Event: 1.189 Thread 0x000001af77ac6800 Exception <a 'java/lang/NoSuchMethodError'{0x00000000eae8c8f0}: 'java.lang.Object java.lang.invoke.DelegatingMethodHandle$Holder.reinvoke_L(java.lang.Object, int, int, java.lang.Object, java.lang.Object, java.lang.Object)'> (0x00000000eae8c8f0) thrown at [./src/hotspot/share/interpreter/linkResolver.cpp, line 773]
Event: 1.300 Thread 0x000001af77ac6800 Exception <a 'java/io/FileNotFoundException'{0x00000000eb18aee8}> (0x00000000eb18aee8) thrown at [./src/hotspot/share/prims/jni.cpp, line 615]
Event: 1.479 Thread 0x000001af77ac6800 Exception <a 'java/lang/NoSuchMethodError'{0x00000000eb633360}: 'void java.lang.invoke.DirectMethodHandle$Holder.invokeSpecial(java.lang.Object, java.lang.Object, java.lang.Object, java.lang.Object)'> (0x00000000eb633360) thrown at [./src/hotspot/share/interpreter/linkResolver.cpp, line 773]
Event: 1.487 Thread 0x000001af77ac6800 Exception <a 'java/io/FileNotFoundException'{0x00000000eb665c00}> (0x00000000eb665c00) thrown at [./src/hotspot/share/prims/jni.cpp, line 615]
Event: 1.647 Thread 0x000001af77ac6800 Exception <a 'java/lang/NoSuchMethodError'{0x00000000eabee378}: 'int java.lang.invoke.DirectMethodHandle$Holder.invokeStaticInit(java.lang.Object, java.lang.Object, java.lang.Object)'> (0x00000000eabee378) thrown at [./src/hotspot/share/interpreter/linkResolver.cpp, line 773]
Event: 1.719 Thread 0x000001af77ac6800 Exception <a 'java/lang/IncompatibleClassChangeError'{0x00000000eab7d140}: Found class java.lang.Object, but interface was expected> (0x00000000eab7d140) thrown at [./src/hotspot/share/interpreter/linkResolver.cpp, line 839]
Event: 1.904 Thread 0x000001af77ac6800 Exception <a 'java/lang/ClassNotFoundException'{0x00000000eba80d90}: com/sun/org/apache/xerces/internal/impl/msg/spi/DOMMessagesProvider> (0x00000000eba80d90) thrown at [./src/hotspot/share/classfile/systemDictionary.cpp, line 231]
Event: 1.905 Thread 0x000001af77ac6800 Implicit null exception at 0x000001af07c5fc89 to 0x000001af07c60a70
Event: 1.906 Thread 0x000001af77ac6800 Exception <a 'java/lang/ClassNotFoundException'{0x00000000eba95e18}: com/sun/org/apache/xerces/internal/impl/msg/spi/XMLSerializerMessagesProvider> (0x00000000eba95e18) thrown at [./src/hotspot/share/classfile/systemDictionary.cpp, line 231]
Event: 1.907 Thread 0x000001af77ac6800 Exception <a 'java/lang/ClassNotFoundException'{0x00000000ebaa1578}: com/sun/org/apache/xerces/internal/impl/msg/spi/XMLMessagesProvider> (0x00000000ebaa1578) thrown at [./src/hotspot/share/classfile/systemDictionary.cpp, line 231]
Event: 2.464 Thread 0x000001af77ac6800 Exception <a 'sun/nio/fs/WindowsException'{0x00000000ebcab978}> (0x00000000ebcab978) thrown at [./src/hotspot/share/prims/jni.cpp, line 615]
Event: 2.492 Thread 0x000001af77ac6800 Exception <a 'java/lang/ClassNotFoundException'{0x00000000ebd957c8}: com/sun/org/apache/xml/internal/serializer/spi/XMLEntitiesProvider> (0x00000000ebd957c8) thrown at [./src/hotspot/share/classfile/systemDictionary.cpp, line 231]
Event: 2.552 Thread 0x000001af77ac6800 Exception <a 'java/io/FileNotFoundException'{0x00000000ec02f988}> (0x00000000ec02f988) thrown at [./src/hotspot/share/prims/jni.cpp, line 615]
Event: 2.560 Thread 0x000001af77ac6800 Exception <a 'java/io/FileNotFoundException'{0x00000000ec05dae8}> (0x00000000ec05dae8) thrown at [./src/hotspot/share/prims/jni.cpp, line 615]
Event: 2.566 Thread 0x000001af77ac6800 Exception <a 'java/io/FileNotFoundException'{0x00000000ec090dc0}> (0x00000000ec090dc0) thrown at [./src/hotspot/share/prims/jni.cpp, line 615]
Event: 2.726 Thread 0x000001af78f82000 Exception <a 'java/io/FileNotFoundException'{0x00000000eae09f88}> (0x00000000eae09f88) thrown at [./src/hotspot/share/prims/jni.cpp, line 615]
Event: 3.034 Thread 0x000001af78766800 Exception <a 'java/io/FileNotFoundException'{0x00000000eb5a0910}> (0x00000000eb5a0910) thrown at [./src/hotspot/share/prims/jni.cpp, line 615]
Event: 3.034 Thread 0x000001af78766800 Exception <a 'java/io/FileNotFoundException'{0x00000000eb5a24c0}> (0x00000000eb5a24c0) thrown at [./src/hotspot/share/prims/jni.cpp, line 615]
Event: 3.036 Thread 0x000001af78766800 Exception <a 'java/lang/NoSuchMethodError'{0x00000000eb5aaf58}: 'void java.lang.invoke.DirectMethodHandle$Holder.invokeStaticInit(java.lang.Object, java.lang.Object, java.lang.Object)'> (0x00000000eb5aaf58) thrown at [./src/hotspot/share/interpreter/linkResolver.cpp, line 773]
Event: 3.427 Thread 0x000001af78f82000 Exception <a 'java/lang/NoSuchMethodError'{0x00000000ebceea90}: 'java.lang.Object java.lang.invoke.DirectMethodHandle$Holder.invokeInterface(java.lang.Object, java.lang.Object, java.lang.Object)'> (0x00000000ebceea90) thrown at [./src/hotspot/share/interpreter/linkResolver.cpp, line 773]

Events (20 events):
Event: 3.443 Executing VM operation: RevokeBias done
Event: 3.443 Executing VM operation: RevokeBias
Event: 3.443 Executing VM operation: RevokeBias done
Event: 3.447 Executing VM operation: RevokeBias
Event: 3.447 Executing VM operation: RevokeBias done
Event: 3.448 Executing VM operation: RevokeBias
Event: 3.448 Executing VM operation: RevokeBias done
Event: 3.456 loading class org/eclipse/jdt/internal/compiler/problem/messages
Event: 3.456 loading class org/eclipse/jdt/internal/compiler/problem/messages done
Event: 3.467 loading class org/eclipse/jdt/internal/compiler/problem/messages_en
Event: 3.467 loading class org/eclipse/jdt/internal/compiler/problem/messages_en done
Event: 3.468 loading class org/eclipse/jdt/internal/compiler/problem/messages_en_US
Event: 3.468 loading class org/eclipse/jdt/internal/compiler/problem/messages_en_US done
Event: 3.551 Executing VM operation: ParallelGCFailedAllocation
Event: 3.555 Executing VM operation: ParallelGCFailedAllocation done
Event: 3.574 Executing VM operation: Deoptimize
Event: 3.574 Executing VM operation: Deoptimize done
Event: 3.600 Executing VM operation: CollectForMetadataAllocation
Event: 3.794 Executing VM operation: CollectForMetadataAllocation done
Event: 3.795 Executing VM operation: RevokeBias


Dynamic libraries:
0x00007ff792600000 - 0x00007ff79260d000 	C:\Program Files\Microsoft\jdk-11.0.12.7-hotspot\bin\java.exe
0x00007ffe8aed0000 - 0x00007ffe8b0c5000 	C:\WINDOWS\SYSTEM32\ntdll.dll
0x00007ffe8abe0000 - 0x00007ffe8ac9d000 	C:\WINDOWS\System32\KERNEL32.DLL
0x00007ffe88910000 - 0x00007ffe88bd9000 	C:\WINDOWS\System32\KERNELBASE.dll
0x00007ffe886b0000 - 0x00007ffe887b0000 	C:\WINDOWS\System32\ucrtbase.dll
0x00007ffe50370000 - 0x00007ffe50385000 	C:\Program Files\Microsoft\jdk-11.0.12.7-hotspot\bin\VCRUNTIME140.dll
0x00007ffe3f3a0000 - 0x00007ffe3f3b7000 	C:\Program Files\Microsoft\jdk-11.0.12.7-hotspot\bin\jli.dll
0x00007ffe8aa40000 - 0x00007ffe8abe0000 	C:\WINDOWS\System32\USER32.dll
0x00007ffe6f110000 - 0x00007ffe6f3aa000 	C:\WINDOWS\WinSxS\amd64_microsoft.windows.common-controls_6595b64144ccf1df_6.0.19041.1110_none_60b5254171f9507e\COMCTL32.dll
0x00007ffe887b0000 - 0x00007ffe887d2000 	C:\WINDOWS\System32\win32u.dll
0x00007ffe890f0000 - 0x00007ffe8918e000 	C:\WINDOWS\System32\msvcrt.dll
0x00007ffe89a30000 - 0x00007ffe89a5a000 	C:\WINDOWS\System32\GDI32.dll
0x00007ffe88df0000 - 0x00007ffe88efb000 	C:\WINDOWS\System32\gdi32full.dll
0x00007ffe887e0000 - 0x00007ffe8887d000 	C:\WINDOWS\System32\msvcp_win.dll
0x00007ffe892c0000 - 0x00007ffe892f0000 	C:\WINDOWS\System32\IMM32.DLL
0x00007ffe23540000 - 0x00007ffe235db000 	C:\Program Files\Microsoft\jdk-11.0.12.7-hotspot\bin\msvcp140.dll
0x00007ffe04610000 - 0x00007ffe05171000 	C:\Program Files\Microsoft\jdk-11.0.12.7-hotspot\bin\server\jvm.dll
0x00007ffe89620000 - 0x00007ffe896cc000 	C:\WINDOWS\System32\ADVAPI32.dll
0x00007ffe8adf0000 - 0x00007ffe8ae8b000 	C:\WINDOWS\System32\sechost.dll
0x00007ffe89190000 - 0x00007ffe892ba000 	C:\WINDOWS\System32\RPCRT4.dll
0x00007ffe89460000 - 0x00007ffe89468000 	C:\WINDOWS\System32\PSAPI.DLL
0x00007ffe7c970000 - 0x00007ffe7c979000 	C:\WINDOWS\SYSTEM32\WSOCK32.dll
0x00007ffe7a5d0000 - 0x00007ffe7a5f7000 	C:\WINDOWS\SYSTEM32\WINMM.dll
0x00007ffe8ad80000 - 0x00007ffe8adeb000 	C:\WINDOWS\System32\WS2_32.dll
0x00007ffe83780000 - 0x00007ffe8378a000 	C:\WINDOWS\SYSTEM32\VERSION.dll
0x00007ffe86510000 - 0x00007ffe86522000 	C:\WINDOWS\SYSTEM32\kernel.appcore.dll
0x00007ffe50140000 - 0x00007ffe50150000 	C:\Program Files\Microsoft\jdk-11.0.12.7-hotspot\bin\verify.dll
0x00007ffe73ba0000 - 0x00007ffe73d84000 	C:\WINDOWS\SYSTEM32\DBGHELP.DLL
0x00007ffe72a60000 - 0x00007ffe72a8c000 	C:\WINDOWS\SYSTEM32\dbgcore.DLL
0x00007ffe88880000 - 0x00007ffe88903000 	C:\WINDOWS\System32\bcryptPrimitives.dll
0x00007ffe4f810000 - 0x00007ffe4f838000 	C:\Program Files\Microsoft\jdk-11.0.12.7-hotspot\bin\java.dll
0x00007ffe4fb80000 - 0x00007ffe4fb8a000 	C:\Program Files\Microsoft\jdk-11.0.12.7-hotspot\bin\jimage.dll
0x00007ffe39940000 - 0x00007ffe39957000 	C:\Program Files\Microsoft\jdk-11.0.12.7-hotspot\bin\zip.dll
0x00007ffe8a0d0000 - 0x00007ffe8a80f000 	C:\WINDOWS\System32\SHELL32.dll
0x00007ffe86710000 - 0x00007ffe86ea0000 	C:\WINDOWS\SYSTEM32\windows.storage.dll
0x00007ffe896d0000 - 0x00007ffe89a25000 	C:\WINDOWS\System32\combase.dll
0x00007ffe87f90000 - 0x00007ffe87fbc000 	C:\WINDOWS\SYSTEM32\Wldp.dll
0x00007ffe89030000 - 0x00007ffe890de000 	C:\WINDOWS\System32\SHCORE.dll
0x00007ffe8a810000 - 0x00007ffe8a865000 	C:\WINDOWS\System32\shlwapi.dll
0x00007ffe88540000 - 0x00007ffe8855f000 	C:\WINDOWS\SYSTEM32\profapi.dll
0x00007ffe40fb0000 - 0x00007ffe40fc9000 	C:\Program Files\Microsoft\jdk-11.0.12.7-hotspot\bin\net.dll
0x00007ffe7c380000 - 0x00007ffe7c488000 	C:\WINDOWS\SYSTEM32\WINHTTP.dll
0x00007ffe87cf0000 - 0x00007ffe87d5a000 	C:\WINDOWS\system32\mswsock.dll
0x00007ffe38770000 - 0x00007ffe38782000 	C:\Program Files\Microsoft\jdk-11.0.12.7-hotspot\bin\nio.dll
0x00007ffe87ef0000 - 0x00007ffe87f08000 	C:\WINDOWS\SYSTEM32\CRYPTSP.dll
0x00007ffe87670000 - 0x00007ffe876a4000 	C:\WINDOWS\system32\rsaenh.dll
0x00007ffe88f00000 - 0x00007ffe88f27000 	C:\WINDOWS\System32\bcrypt.dll
0x00007ffe88500000 - 0x00007ffe8852e000 	C:\WINDOWS\SYSTEM32\USERENV.dll
0x00007ffe87ee0000 - 0x00007ffe87eec000 	C:\WINDOWS\SYSTEM32\CRYPTBASE.dll
0x00007ffe879e0000 - 0x00007ffe87a1b000 	C:\WINDOWS\SYSTEM32\IPHLPAPI.DLL
0x00007ffe88fc0000 - 0x00007ffe88fc8000 	C:\WINDOWS\System32\NSI.dll
0x00007ffe7c1a0000 - 0x00007ffe7c1b7000 	C:\WINDOWS\SYSTEM32\dhcpcsvc6.DLL
0x00007ffe7de00000 - 0x00007ffe7de1d000 	C:\WINDOWS\SYSTEM32\dhcpcsvc.DLL
0x00007ffe87a20000 - 0x00007ffe87aec000 	C:\WINDOWS\SYSTEM32\DNSAPI.dll
0x00007ffe38730000 - 0x00007ffe3876e000 	C:\Users\Mostafa\AppData\Roaming\Code\User\globalStorage\redhat.java\1.1.0\config_ss_win\org.eclipse.equinox.launcher\org.eclipse.equinox.launcher.win32.win32.x86_64_1.2.400.v20211116-1129\eclipse_11601.dll
0x00007ffe89f40000 - 0x00007ffe8a06a000 	C:\WINDOWS\System32\ole32.dll
0x00007ffe36e80000 - 0x00007ffe36e91000 	C:\Users\Mostafa\AppData\Roaming\Code\User\globalStorage\redhat.java\1.1.0\config_ss_win\org.eclipse.osgi\16\0\.cp\jWinHttp-1.0.0.dll

dbghelp: loaded successfully - version: 4.0.5 - missing functions: none
symbol engine: initialized successfully - sym options: 0x614 - pdb path: .;C:\Program Files\Microsoft\jdk-11.0.12.7-hotspot\bin;C:\WINDOWS\SYSTEM32;C:\WINDOWS\WinSxS\amd64_microsoft.windows.common-controls_6595b64144ccf1df_6.0.19041.1110_none_60b5254171f9507e;C:\Program Files\Microsoft\jdk-11.0.12.7-hotspot\bin\server;C:\Users\Mostafa\AppData\Roaming\Code\User\globalStorage\redhat.java\1.1.0\config_ss_win\org.eclipse.equinox.launcher\org.eclipse.equinox.launcher.win32.win32.x86_64_1.2.400.v20211116-1129;C:\Users\Mostafa\AppData\Roaming\Code\User\globalStorage\redhat.java\1.1.0\config_ss_win\org.eclipse.osgi\16\0\.cp

VM Arguments:
jvm_args: --add-modules=ALL-SYSTEM --add-opens=java.base/java.util=ALL-UNNAMED --add-opens=java.base/java.lang=ALL-UNNAMED -Declipse.application=org.eclipse.jdt.ls.core.id1 -Dosgi.bundles.defaultStartLevel=4 -Declipse.product=org.eclipse.jdt.ls.core.product -Djava.import.generatesMetadataFilesAtProjectRoot=false -Dfile.encoding=utf8 -DwatchParentProcess=false -XX:+UseParallelGC -XX:GCTimeRatio=4 -XX:AdaptiveSizePolicyWeight=90 -Dsun.zip.disableMemoryMapping=true -Xmx1G -Xms100m -Xverify:none 
java_command: c:\Users\Mostafa\.vscode\extensions\redhat.java-1.1.0\server\plugins\org.eclipse.equinox.launcher_1.6.400.v20210924-0641.jar -configuration c:\Users\Mostafa\AppData\Roaming\Code\User\globalStorage\redhat.java\1.1.0\config_ss_win -data c:\Users\Mostafa\AppData\Roaming\Code\User\workspaceStorage\4d0f925073258c854d6855958ab64802\redhat.java\ss_ws
java_class_path (initial): c:\Users\Mostafa\.vscode\extensions\redhat.java-1.1.0\server\plugins\org.eclipse.equinox.launcher_1.6.400.v20210924-0641.jar
Launcher Type: SUN_STANDARD

[Global flags]
    uintx AdaptiveSizePolicyWeight                 = 90                                        {product} {command line}
     bool BytecodeVerificationLocal                = false                                     {product} {command line}
     bool BytecodeVerificationRemote               = false                                     {product} {command line}
     intx CICompilerCount                          = 12                                        {product} {ergonomic}
    uintx GCTimeRatio                              = 4                                         {product} {command line}
   size_t InitialHeapSize                          = 104857600                                 {product} {command line}
   size_t MaxHeapSize                              = 1073741824                                {product} {command line}
   size_t MaxNewSize                               = 357564416                                 {product} {ergonomic}
   size_t MinHeapDeltaBytes                        = 524288                                    {product} {ergonomic}
   size_t NewSize                                  = 34603008                                  {product} {ergonomic}
    uintx NonNMethodCodeHeapSize                   = 7594288                                {pd product} {ergonomic}
    uintx NonProfiledCodeHeapSize                  = 122031976                              {pd product} {ergonomic}
   size_t OldSize                                  = 70254592                                  {product} {ergonomic}
    uintx ProfiledCodeHeapSize                     = 122031976                              {pd product} {ergonomic}
    uintx ReservedCodeCacheSize                    = 251658240                              {pd product} {ergonomic}
     bool SegmentedCodeCache                       = true                                      {product} {ergonomic}
     bool UseCompressedClassPointers               = true                                 {lp64_product} {ergonomic}
     bool UseCompressedOops                        = true                                 {lp64_product} {ergonomic}
     bool UseLargePagesIndividualAllocation        = false                                  {pd product} {ergonomic}
     bool UseParallelGC                            = true                                      {product} {command line}

Logging:
Log output configuration:
 #0: stdout all=warning uptime,level,tags
 #1: stderr all=off uptime,level,tags

Environment Variables:
JAVA_HOME=C:\Program Files\Java\jdk1.8.0_111
JRE_HOME=C:\Program Files\Java\jre1.8.0_111\jdk1.8.0_111
PATH=C:\Program Files\Common Files\Oracle\Java\javapath;C:\Program Files\Microsoft\jdk-11.0.12.7-hotspot\bin;C:\Program Files (x86)\Rockwell Software\RSCommon;C:\Program Files\NVIDIA GPU Computing Toolkit\CUDA\v11.4\bin;C:\Program Files\NVIDIA GPU Computing Toolkit\CUDA\v11.4\libnvvp;C:\Users\Mostafa\AppData\Local\Android\Sdk\platform-tools;C:\Program Files (x86)\VMware\VMware Workstation\bin\;C:\Program Files\AdoptOpenJDK\jdk-11.0.11.9-hotspot\bin;C:\Python39\Scripts\;C:\Python39\;C:\ProgramData\Oracle\Java\javapath;C:\WINDOWS\system32;C:\WINDOWS;C:\WINDOWS\System32\Wbem;C:\WINDOWS\System32\WindowsPowerShell\v1.0\;C:\WINDOWS\System32\OpenSSH\;C:\Program Files\Microsoft SQL Server\130\Tools\Binn\;C:\Program Files\Microsoft SQL Server\Client SDK\ODBC\170\Tools\Binn\;C:\Program Files\nodejs\;C:\ProgramData\chocolatey\bin;C:\Program Files\Java\jdk1.8.0_111\bin;C:\Program Files\Java\jdk1.8.0_111;C:\Program Files\Java\jre1.8.0_111\bin;C:\Program Files\Java\jre1.8.0_111;C:\Program Files\Java\jdk1.8.0_111\bin;C:\Program Files\Git\cmd;C:\Program Files\Git;C:\Users\Mostafa\AppData\Local\Android\Sdk\platform-tools;C:\Program Files\NVIDIA Corporation\Nsight Compute 2021.2.1\;C:\Program Files (x86)\NVIDIA Corporation\PhysX\Common;C:\Program Files\NVIDIA Corporation\NVIDIA NvDLISR;C:\Program Files\Microsoft SQL Server\140\Tools\Binn\;C:\Program Files\Microsoft SQL Server\150\Tools\Binn\;C:\Program Files (x86)\Microsoft SQL Server\150\Tools\Binn\;C:\Program Files\Microsoft SQL Server\150\DTS\Binn\;C:\Program Files (x86)\Microsoft SQL Server\150\DTS\Binn\;C:\Program Files\Azure Data Studio\bin;E:\Mobile Application Programming\Flutter\flutter\bin;C:\Users\Mostafa\AppData\Local\Android\Sdk\emulator;C:\Program Files\dotnet\;C:\Users\Mostafa\AppData\Local\Microsoft\WindowsApps;C:\Users\Mostafa\.dotnet\tools;C:\Users\Mostafa\AppData\Roaming\npm;C:\Users\Mostafa\AppData\Local\Programs\Microsoft VS Code\bin;C:\Program Files\Java\jdk1.8.0_111\bin;C:\Program Files\Java\jre1.8.0_111\bin;C:\Pr
USERNAME=Mostafa
OS=Windows_NT
PROCESSOR_IDENTIFIER=AMD64 Family 23 Model 8 Stepping 2, AuthenticAMD



---------------  S Y S T E M  ---------------

OS: Windows 10 , 64 bit Build 19041 (10.0.19041.1151)
OS uptime: 6 days 16:47 hours

CPU:total 16 (initial active 16) (16 cores per cpu, 2 threads per core) family 23 model 8 stepping 2 microcode 0x0, cmov, cx8, fxsr, mmx, sse, sse2, sse3, ssse3, sse4.1, sse4.2, popcnt, avx, avx2, aes, clmul, mmxext, 3dnowpref, lzcnt, sse4a, ht, tsc, tscinvbit, tscinv, bmi1, bmi2, adx, sha, fma

Memory: 4k page, system-wide physical 16334M (1954M free)
TotalPageFile size 39016M (AvailPageFile size 4413M)
current process WorkingSet (physical memory assigned to process): 242M, peak: 246M
current process commit charge ("private bytes"): 346M, peak: 351M

vm_info: OpenJDK 64-Bit Server VM (11.0.12+7) for windows-amd64 JRE (11.0.12+7), built on Jul 21 2021 15:41:43 by "" with unknown MS VC++:1916

END.
